<?xml version="1.0" encoding="UTF-8"?>
<testsuite xmlns:xsi="http://www.w3.org/2001/XMLSchema-instance" xsi:noNamespaceSchemaLocation="https://maven.apache.org/surefire/maven-surefire-plugin/xsd/surefire-test-report-3.0.xsd" version="3.0" name="com.udla.evaluaytor.businessdomain.empresa.EmpresaApplicationTests" time="12.981" tests="1" errors="0" skipped="0" failures="0">
  <properties>
[...]
</properties>
  <testcase name="contextLoads" classname="com.udla.evaluaytor.businessdomain.empresa.EmpresaApplicationTests" time="1.14">
    <system-out><![CDATA[21:11:32.828 [main] INFO org.springframework.test.context.support.AnnotationConfigContextLoaderUtils -- Could not detect default configuration classes for test class [com.udla.evaluaytor.businessdomain.empresa.EmpresaApplicationTests]: EmpresaApplicationTests does not declare any static, non-private, non-final, nested classes annotated with @Configuration.
21:11:33.004 [main] INFO org.springframework.boot.test.context.SpringBootTestContextBootstrapper -- Found @SpringBootConfiguration com.udla.evaluaytor.businessdomain.empresa.EmpresaApplication for test class com.udla.evaluaytor.businessdomain.empresa.EmpresaApplicationTests
21:11:33.344 [main] INFO org.springframework.boot.devtools.restart.RestartApplicationListener -- Restart disabled due to context in which it is running
  .   ____          _            __ _ _
 /\\ / ___'_ __ _ _(_)_ __  __ _ \ \ \ \
( ( )\___ | '_ | '_| | '_ \/ _` | \ \ \ \
 \\/  ___)| |_)| | | | | || (_| |  ) ) ) )
  '  |____| .__|_| |_|_| |_\__, | / / / /
 =========|_|==============|___/=/_/_/_/

 :: Spring Boot ::                (v3.3.0)

2024-06-27T21:11:33.794-05:00  INFO 9800 --- [empresa] [           main] c.u.e.b.empresa.EmpresaApplicationTests  : Starting EmpresaApplicationTests using Java 17.0.5 with PID 9800 (started by CarlosBalladares in D:\Proyectos\UDLA\Evaluaytor\codigofuente\evaluaytor\backend\businessdomain\empresa)
2024-06-27T21:11:33.796-05:00  INFO 9800 --- [empresa] [           main] c.u.e.b.empresa.EmpresaApplicationTests  : No active profile set, falling back to 1 default profile: "default"
2024-06-27T21:11:35.660-05:00  INFO 9800 --- [empresa] [           main] .s.d.r.c.RepositoryConfigurationDelegate : Bootstrapping Spring Data JPA repositories in DEFAULT mode.
2024-06-27T21:11:35.925-05:00  INFO 9800 --- [empresa] [           main] .s.d.r.c.RepositoryConfigurationDelegate : Finished Spring Data repository scanning in 256 ms. Found 3 JPA repository interfaces.
2024-06-27T21:11:37.088-05:00  INFO 9800 --- [empresa] [           main] com.zaxxer.hikari.HikariDataSource       : HikariPool-1 - Starting...
2024-06-27T21:11:37.744-05:00  INFO 9800 --- [empresa] [           main] com.zaxxer.hikari.pool.HikariPool        : HikariPool-1 - Added connection com.mysql.cj.jdbc.ConnectionImpl@1a5b7394
2024-06-27T21:11:37.747-05:00  INFO 9800 --- [empresa] [           main] com.zaxxer.hikari.HikariDataSource       : HikariPool-1 - Start completed.
2024-06-27T21:11:37.849-05:00  INFO 9800 --- [empresa] [           main] o.hibernate.jpa.internal.util.LogHelper  : HHH000204: Processing PersistenceUnitInfo [name: default]
2024-06-27T21:11:38.013-05:00  INFO 9800 --- [empresa] [           main] org.hibernate.Version                    : HHH000412: Hibernate ORM core version 6.5.2.Final
2024-06-27T21:11:38.101-05:00  INFO 9800 --- [empresa] [           main] o.h.c.internal.RegionFactoryInitiator    : HHH000026: Second-level cache disabled
2024-06-27T21:11:38.820-05:00  INFO 9800 --- [empresa] [           main] o.s.o.j.p.SpringPersistenceUnitInfo      : No LoadTimeWeaver setup: ignoring JPA class transformer
2024-06-27T21:11:40.223-05:00  INFO 9800 --- [empresa] [           main] o.h.e.t.j.p.i.JtaPlatformInitiator       : HHH000489: No JTA platform available (set 'hibernate.transaction.jta.platform' to enable JTA platform integration)
2024-06-27T21:11:40.227-05:00  INFO 9800 --- [empresa] [           main] j.LocalContainerEntityManagerFactoryBean : Initialized JPA EntityManagerFactory for persistence unit 'default'
2024-06-27T21:11:40.844-05:00  INFO 9800 --- [empresa] [           main] o.s.d.j.r.query.QueryEnhancerFactory     : Hibernate is in classpath; If applicable, HQL parser will be used.
2024-06-27T21:11:42.353-05:00  WARN 9800 --- [empresa] [           main] JpaBaseConfiguration$JpaWebConfiguration : spring.jpa.open-in-view is enabled by default. Therefore, database queries may be performed during view rendering. Explicitly configure spring.jpa.open-in-view to disable this warning
2024-06-27T21:11:44.087-05:00  INFO 9800 --- [empresa] [           main] o.s.b.a.e.web.EndpointLinksResolver      : Exposing 1 endpoint beneath base path '/actuator'
2024-06-27T21:11:44.326-05:00  INFO 9800 --- [empresa] [           main] c.u.e.b.empresa.EmpresaApplicationTests  : Started EmpresaApplicationTests in 11.003 seconds (process running for 12.797)
]]></system-out>
  </testcase>
</testsuite>